<!DOCTYPE html PUBLIC "-//W3C//DTD XHTML 1.1//EN" "https://www.w3.org/TR/xhtml11/DTD/xhtml11.dtd">
<html xmlns="https://www.w3.org/1999/xhtml">
<head>
<meta http-equiv="content-type" content="text/html; charset=UTF-8"/>
<title>TestNG Report</title>
<style type="text/css">table {margin-bottom:10px;border-collapse:collapse;empty-cells:show}th,td {border:1px solid #009;padding:.25em .5em}th {vertical-align:bottom}td {vertical-align:top}table a {font-weight:bold}.stripe td {background-color: #E6EBF9}.num {text-align:right}.passedodd td {background-color: #3F3}.passedeven td {background-color: #0A0}.skippedodd td {background-color: #DDD}.skippedeven td {background-color: #CCC}.failedodd td,.attn {background-color: #F33}.failedeven td,.stripe .attn {background-color: #D00}.stacktrace {white-space:pre;font-family:monospace}.totop {font-size:85%;text-align:center;border-bottom:2px solid #000}.invisible {display:none}</style>
</head>
<body>
<table>
<tr><th>Test</th><th># Passed</th><th># Skipped</th><th># Retried</th><th># Failed</th><th>Time (ms)</th><th>Included Groups</th><th>Excluded Groups</th></tr>
<tr><th colspan="8">Ebay</th></tr>
<tr><td><a href="#t0">functionalTesting_firefox</a></td><td class="num">0</td><td class="num attn">2</td><td class="num">0</td><td class="num">0</td><td class="num">39</td><td></td><td></td></tr>
<tr class="stripe"><td><a href="#t1">functionalTesting_chrome</a></td><td class="num">0</td><td class="num attn">2</td><td class="num">0</td><td class="num">0</td><td class="num">20</td><td></td><td></td></tr>
<tr><th>Total</th><th class="num">0</th><th class="num attn">4</th><th class="num">0</th><th class="num">0</th><th class="num">59</th><th colspan="2"></th></tr>
</table>
<table id='summary'><thead><tr><th>Class</th><th>Method</th><th>Start</th><th>Time (ms)</th></tr></thead><tbody><tr><th colspan="4">Ebay</th></tr></tbody><tbody id="t0"><tr><th colspan="4">functionalTesting_firefox &#8212; skipped (configuration methods)</th></tr><tr class="skippedeven"><td rowspan="2">testing.FunctionalTest</td><td><a href="#m0">initialize</a></td><td rowspan="2">1677673571312</td><td rowspan="2">-1677673571312</td></tr><tr class="skippedeven"><td><a href="#m1">initialize</a></td></tr><tr><th colspan="4">functionalTesting_firefox &#8212; skipped</th></tr><tr class="skippedeven"><td rowspan="2">testing.FunctionalTest</td><td><a href="#m2">validateProdandPrice</a></td><td rowspan="1">1677673571308</td><td rowspan="1">0</td></tr><tr class="skippedeven"><td><a href="#m3">validateTitle</a></td><td rowspan="1">1677673571313</td><td rowspan="1">0</td></tr></tbody>
<tbody id="t1"><tr><th colspan="4">functionalTesting_chrome &#8212; failed (configuration methods)</th></tr><tr class="failedeven"><td rowspan="1">base.Base</td><td><a href="#m4">initializeReport</a></td><td rowspan="1">1677673571252</td><td rowspan="1">15</td></tr><tr><th colspan="4">functionalTesting_chrome &#8212; skipped (configuration methods)</th></tr><tr class="skippedeven"><td rowspan="1">base.Base</td><td><a href="#m5">saveReport</a></td><td rowspan="1">1677673571388</td><td rowspan="1">-1677673571388</td></tr><tr class="skippedodd"><td rowspan="2">testing.FunctionalTest</td><td><a href="#m6">initialize</a></td><td rowspan="2">1677673571364</td><td rowspan="2">-1677673571364</td></tr><tr class="skippedodd"><td><a href="#m7">initialize</a></td></tr><tr><th colspan="4">functionalTesting_chrome &#8212; skipped</th></tr><tr class="skippedeven"><td rowspan="2">testing.FunctionalTest</td><td><a href="#m8">validateProdandPrice</a></td><td rowspan="1">1677673571360</td><td rowspan="1">0</td></tr><tr class="skippedeven"><td><a href="#m9">validateTitle</a></td><td rowspan="1">1677673571368</td><td rowspan="1">0</td></tr></tbody>
</table>
<h2>functionalTesting_firefox</h2><h3 id="m0">testing.FunctionalTest#initialize</h3><table class="result"><tr><th class="invisible"/></tr></table><p class="totop"><a href="#summary">back to summary</a></p>
<h3 id="m1">testing.FunctionalTest#initialize</h3><table class="result"><tr><th class="invisible"/></tr></table><p class="totop"><a href="#summary">back to summary</a></p>
<h3 id="m2">testing.FunctionalTest#validateProdandPrice</h3><table class="result"><tr><th class="invisible"/></tr></table><p class="totop"><a href="#summary">back to summary</a></p>
<h3 id="m3">testing.FunctionalTest#validateTitle</h3><table class="result"><tr><th class="invisible"/></tr></table><p class="totop"><a href="#summary">back to summary</a></p>
<h2>functionalTesting_chrome</h2><h3 id="m4">base.Base#initializeReport</h3><table class="result"><tr><th>Exception</th></tr><tr><td><div class="stacktrace">java.lang.NoClassDefFoundError: freemarker/template/TemplateModelException
	at base.Base.initializeReport(Base.java:37)
Caused by: java.lang.ClassNotFoundException: freemarker.template.TemplateModelException
	at java.net.URLClassLoader.findClass(Unknown Source)
	at java.lang.ClassLoader.loadClass(Unknown Source)
	at sun.misc.Launcher$AppClassLoader.loadClass(Unknown Source)
	at java.lang.ClassLoader.loadClass(Unknown Source)
	... 20 more
... Removed 19 stack frames</div></td></tr></table><p class="totop"><a href="#summary">back to summary</a></p>
<h3 id="m5">base.Base#saveReport</h3><table class="result"><tr><th class="invisible"/></tr></table><p class="totop"><a href="#summary">back to summary</a></p>
<h3 id="m6">testing.FunctionalTest#initialize</h3><table class="result"><tr><th class="invisible"/></tr></table><p class="totop"><a href="#summary">back to summary</a></p>
<h3 id="m7">testing.FunctionalTest#initialize</h3><table class="result"><tr><th class="invisible"/></tr></table><p class="totop"><a href="#summary">back to summary</a></p>
<h3 id="m8">testing.FunctionalTest#validateProdandPrice</h3><table class="result"><tr><th>Exception</th></tr><tr><td><div class="stacktrace">java.lang.NoClassDefFoundError: freemarker/template/TemplateModelException
	at base.Base.initializeReport(Base.java:37)
Caused by: java.lang.ClassNotFoundException: freemarker.template.TemplateModelException
	at java.net.URLClassLoader.findClass(Unknown Source)
	at java.lang.ClassLoader.loadClass(Unknown Source)
	at sun.misc.Launcher$AppClassLoader.loadClass(Unknown Source)
	at java.lang.ClassLoader.loadClass(Unknown Source)
	... 20 more
... Removed 19 stack frames</div></td></tr></table><p class="totop"><a href="#summary">back to summary</a></p>
<h3 id="m9">testing.FunctionalTest#validateTitle</h3><table class="result"><tr><th>Exception</th></tr><tr><td><div class="stacktrace">java.lang.NoClassDefFoundError: freemarker/template/TemplateModelException
	at base.Base.initializeReport(Base.java:37)
Caused by: java.lang.ClassNotFoundException: freemarker.template.TemplateModelException
	at java.net.URLClassLoader.findClass(Unknown Source)
	at java.lang.ClassLoader.loadClass(Unknown Source)
	at sun.misc.Launcher$AppClassLoader.loadClass(Unknown Source)
	at java.lang.ClassLoader.loadClass(Unknown Source)
	... 20 more
... Removed 19 stack frames</div></td></tr></table><p class="totop"><a href="#summary">back to summary</a></p>
</body>
</html>
